Reto/Reto/app/build/intermediates/manifest_merge_blame_file/debug/processDebugMainManifest/manifest-merger-blame-debug-report.txt
1<?xml version="1.0" encoding="utf-8"?>
2<manifest xmlns:android="http://schemas.android.com/apk/res/android"
3    package="com.example.reto2025_mobile"
4    android:versionCode="1"
5    android:versionName="1.0" >
6
7    <uses-sdk
8        android:minSdkVersion="34"
9        android:targetSdkVersion="34" />
10
11    <uses-permission android:name="android.permission.INTERNET" />
11-->src\main\AndroidManifest.xml:4:5-67
11-->src\main\AndroidManifest.xml:4:22-64
12
13    <permission
13-->[androidx.core:core:1.15.0] AndroidManifest.xml:22:5-24:47
14        android:name="com.example.reto2025_mobile.DYNAMIC_RECEIVER_NOT_EXPORTED_PERMISSION"
14-->[androidx.core:core:1.15.0] AndroidManifest.xml:23:9-81
15        android:protectionLevel="signature" />
15-->[androidx.core:core:1.15.0] AndroidManifest.xml:24:9-44
16
17    <uses-permission android:name="com.example.reto2025_mobile.DYNAMIC_RECEIVER_NOT_EXPORTED_PERMISSION" />
17-->[androidx.core:core:1.15.0] AndroidManifest.xml:26:5-97
17-->[androidx.core:core:1.15.0] AndroidManifest.xml:26:22-94
18
19    <supports-screens
19-->[org.osmdroid:osmdroid-android:6.1.11] AndroidManifest.xml:11:5-14:40
20        android:anyDensity="true"
20-->[org.osmdroid:osmdroid-android:6.1.11] AndroidManifest.xml:12:9-34
21        android:largeScreens="true"
21-->[org.osmdroid:osmdroid-android:6.1.11] AndroidManifest.xml:13:9-36
22        android:normalScreens="true" />
22-->[org.osmdroid:osmdroid-android:6.1.11] AndroidManifest.xml:14:9-37
23
24    <uses-feature
24-->[org.osmdroid:osmdroid-android:6.1.11] AndroidManifest.xml:16:5-18:36
25        android:name="android.hardware.location.network"
25-->[org.osmdroid:osmdroid-android:6.1.11] AndroidManifest.xml:17:9-57
26        android:required="false" />
26-->[org.osmdroid:osmdroid-android:6.1.11] AndroidManifest.xml:18:9-33
27    <uses-feature
27-->[org.osmdroid:osmdroid-android:6.1.11] AndroidManifest.xml:19:5-21:36
28        android:name="android.hardware.location.gps"
28-->[org.osmdroid:osmdroid-android:6.1.11] AndroidManifest.xml:20:9-53
29        android:required="false" />
29-->[org.osmdroid:osmdroid-android:6.1.11] AndroidManifest.xml:21:9-33
30    <uses-feature
30-->[org.osmdroid:osmdroid-android:6.1.11] AndroidManifest.xml:22:5-24:36
31        android:name="android.hardware.telephony"
31-->[org.osmdroid:osmdroid-android:6.1.11] AndroidManifest.xml:23:9-50
32        android:required="false" />
32-->[org.osmdroid:osmdroid-android:6.1.11] AndroidManifest.xml:24:9-33
33    <uses-feature
33-->[org.osmdroid:osmdroid-android:6.1.11] AndroidManifest.xml:25:5-27:36
34        android:name="android.hardware.wifi"
34-->[org.osmdroid:osmdroid-android:6.1.11] AndroidManifest.xml:26:9-45
35        android:required="false" />
35-->[org.osmdroid:osmdroid-android:6.1.11] AndroidManifest.xml:27:9-33
36
37    <application
37-->src\main\AndroidManifest.xml:5:5-27:19
38        android:allowBackup="true"
38-->src\main\AndroidManifest.xml:7:9-35
39        android:appComponentFactory="androidx.core.app.CoreComponentFactory"
39-->[androidx.core:core:1.15.0] AndroidManifest.xml:28:18-86
40        android:dataExtractionRules="@xml/data_extraction_rules"
40-->src\main\AndroidManifest.xml:8:9-65
41        android:debuggable="true"
42        android:extractNativeLibs="false"
43        android:fullBackupContent="@xml/backup_rules"
43-->src\main\AndroidManifest.xml:9:9-54
44        android:icon="@mipmap/ic_launcher"
44-->src\main\AndroidManifest.xml:10:9-43
45        android:label="@string/app_name"
45-->src\main\AndroidManifest.xml:11:9-41
46        android:networkSecurityConfig="@xml/network_security_config"
46-->src\main\AndroidManifest.xml:6:9-69
47        android:roundIcon="@mipmap/ic_launcher_round"
47-->src\main\AndroidManifest.xml:12:9-54
48        android:supportsRtl="true"
48-->src\main\AndroidManifest.xml:13:9-35
49        android:testOnly="true"
50        android:theme="@style/Theme.Reto2025Mobile" >
50-->src\main\AndroidManifest.xml:14:9-52
51        <activity
51-->src\main\AndroidManifest.xml:16:9-26:20
52            android:name="com.example.reto2025_mobile.MainActivity"
52-->src\main\AndroidManifest.xml:17:13-41
53            android:exported="true"
53-->src\main\AndroidManifest.xml:18:13-36
54            android:label="@string/app_name"
54-->src\main\AndroidManifest.xml:19:13-45
55            android:theme="@style/Theme.Reto2025Mobile" >
55-->src\main\AndroidManifest.xml:20:13-56
56            <intent-filter>
56-->src\main\AndroidManifest.xml:21:13-25:29
57                <action android:name="android.intent.action.MAIN" />
57-->src\main\AndroidManifest.xml:22:17-69
57-->src\main\AndroidManifest.xml:22:25-66
58
59                <category android:name="android.intent.category.LAUNCHER" />
59-->src\main\AndroidManifest.xml:24:17-77
59-->src\main\AndroidManifest.xml:24:27-74
60            </intent-filter>
61        </activity>
62        <activity
62-->[androidx.compose.ui:ui-tooling-android:1.7.2] AndroidManifest.xml:23:9-25:39
63            android:name="androidx.compose.ui.tooling.PreviewActivity"
63-->[androidx.compose.ui:ui-tooling-android:1.7.2] AndroidManifest.xml:24:13-71
64            android:exported="true" />
64-->[androidx.compose.ui:ui-tooling-android:1.7.2] AndroidManifest.xml:25:13-36
65
66        <provider
66-->[androidx.emoji2:emoji2:1.3.0] AndroidManifest.xml:24:9-32:20
67            android:name="androidx.startup.InitializationProvider"
67-->[androidx.emoji2:emoji2:1.3.0] AndroidManifest.xml:25:13-67
68            android:authorities="com.example.reto2025_mobile.androidx-startup"
68-->[androidx.emoji2:emoji2:1.3.0] AndroidManifest.xml:26:13-68
69            android:exported="false" >
69-->[androidx.emoji2:emoji2:1.3.0] AndroidManifest.xml:27:13-37
70            <meta-data
70-->[androidx.emoji2:emoji2:1.3.0] AndroidManifest.xml:29:13-31:52
71                android:name="androidx.emoji2.text.EmojiCompatInitializer"
71-->[androidx.emoji2:emoji2:1.3.0] AndroidManifest.xml:30:17-75
72                android:value="androidx.startup" />
72-->[androidx.emoji2:emoji2:1.3.0] AndroidManifest.xml:31:17-49
73            <meta-data
73-->[androidx.lifecycle:lifecycle-process:2.8.7] AndroidManifest.xml:29:13-31:52
74                android:name="androidx.lifecycle.ProcessLifecycleInitializer"
74-->[androidx.lifecycle:lifecycle-process:2.8.7] AndroidManifest.xml:30:17-78
75                android:value="androidx.startup" />
75-->[androidx.lifecycle:lifecycle-process:2.8.7] AndroidManifest.xml:31:17-49
76            <meta-data
76-->[androidx.profileinstaller:profileinstaller:1.3.1] AndroidManifest.xml:29:13-31:52
77                android:name="androidx.profileinstaller.ProfileInstallerInitializer"
77-->[androidx.profileinstaller:profileinstaller:1.3.1] AndroidManifest.xml:30:17-85
78                android:value="androidx.startup" />
78-->[androidx.profileinstaller:profileinstaller:1.3.1] AndroidManifest.xml:31:17-49
79        </provider>
80
81        <activity
81-->[androidx.compose.ui:ui-test-manifest:1.7.2] AndroidManifest.xml:23:9-25:39
82            android:name="androidx.activity.ComponentActivity"
82-->[androidx.compose.ui:ui-test-manifest:1.7.2] AndroidManifest.xml:24:13-63
83            android:exported="true" />
83-->[androidx.compose.ui:ui-test-manifest:1.7.2] AndroidManifest.xml:25:13-36
84
85        <receiver
85-->[androidx.profileinstaller:profileinstaller:1.3.1] AndroidManifest.xml:34:9-52:20
86            android:name="androidx.profileinstaller.ProfileInstallReceiver"
86-->[androidx.profileinstaller:profileinstaller:1.3.1] AndroidManifest.xml:35:13-76
87            android:directBootAware="false"
87-->[androidx.profileinstaller:profileinstaller:1.3.1] AndroidManifest.xml:36:13-44
88            android:enabled="true"
88-->[androidx.profileinstaller:profileinstaller:1.3.1] AndroidManifest.xml:37:13-35
89            android:exported="true"
89-->[androidx.profileinstaller:profileinstaller:1.3.1] AndroidManifest.xml:38:13-36
90            android:permission="android.permission.DUMP" >
90-->[androidx.profileinstaller:profileinstaller:1.3.1] AndroidManifest.xml:39:13-57
91            <intent-filter>
91-->[androidx.profileinstaller:profileinstaller:1.3.1] AndroidManifest.xml:40:13-42:29
92                <action android:name="androidx.profileinstaller.action.INSTALL_PROFILE" />
92-->[androidx.profileinstaller:profileinstaller:1.3.1] AndroidManifest.xml:41:17-91
92-->[androidx.profileinstaller:profileinstaller:1.3.1] AndroidManifest.xml:41:25-88
93            </intent-filter>
94            <intent-filter>
94-->[androidx.profileinstaller:profileinstaller:1.3.1] AndroidManifest.xml:43:13-45:29
95                <action android:name="androidx.profileinstaller.action.SKIP_FILE" />
95-->[androidx.profileinstaller:profileinstaller:1.3.1] AndroidManifest.xml:44:17-85
95-->[androidx.profileinstaller:profileinstaller:1.3.1] AndroidManifest.xml:44:25-82
96            </intent-filter>
97            <intent-filter>
97-->[androidx.profileinstaller:profileinstaller:1.3.1] AndroidManifest.xml:46:13-48:29
98                <action android:name="androidx.profileinstaller.action.SAVE_PROFILE" />
98-->[androidx.profileinstaller:profileinstaller:1.3.1] AndroidManifest.xml:47:17-88
98-->[androidx.profileinstaller:profileinstaller:1.3.1] AndroidManifest.xml:47:25-85
99            </intent-filter>
100            <intent-filter>
100-->[androidx.profileinstaller:profileinstaller:1.3.1] AndroidManifest.xml:49:13-51:29
101                <action android:name="androidx.profileinstaller.action.BENCHMARK_OPERATION" />
101-->[androidx.profileinstaller:profileinstaller:1.3.1] AndroidManifest.xml:50:17-95
101-->[androidx.profileinstaller:profileinstaller:1.3.1] AndroidManifest.xml:50:25-92
102            </intent-filter>
103        </receiver>
104    </application>
105
106</manifest>